<?xml version="1.0" encoding="UTF-8"?>
<testsuite name="ru.pavar.springrest.SpringrestApplicationTests" tests="1" skipped="0" failures="0" errors="0" timestamp="2021-03-20T22:50:35" hostname="CLERTY" time="0.126">
  <properties/>
  <testcase name="contextLoads()" classname="ru.pavar.springrest.SpringrestApplicationTests" time="0.126"/>
  <system-out><![CDATA[01:50:27.687 [Test worker] DEBUG org.springframework.test.context.BootstrapUtils - Instantiating CacheAwareContextLoaderDelegate from class [org.springframework.test.context.cache.DefaultCacheAwareContextLoaderDelegate]
01:50:27.718 [Test worker] DEBUG org.springframework.test.context.BootstrapUtils - Instantiating BootstrapContext using constructor [public org.springframework.test.context.support.DefaultBootstrapContext(java.lang.Class,org.springframework.test.context.CacheAwareContextLoaderDelegate)]
01:50:27.765 [Test worker] DEBUG org.springframework.test.context.BootstrapUtils - Instantiating TestContextBootstrapper for test class [ru.pavar.springrest.SpringrestApplicationTests] from class [org.springframework.boot.test.context.SpringBootTestContextBootstrapper]
01:50:27.796 [Test worker] INFO org.springframework.boot.test.context.SpringBootTestContextBootstrapper - Neither @ContextConfiguration nor @ContextHierarchy found for test class [ru.pavar.springrest.SpringrestApplicationTests], using SpringBootContextLoader
01:50:27.796 [Test worker] DEBUG org.springframework.test.context.support.AbstractContextLoader - Did not detect default resource location for test class [ru.pavar.springrest.SpringrestApplicationTests]: class path resource [ru/pavar/springrest/SpringrestApplicationTests-context.xml] does not exist
01:50:27.796 [Test worker] DEBUG org.springframework.test.context.support.AbstractContextLoader - Did not detect default resource location for test class [ru.pavar.springrest.SpringrestApplicationTests]: class path resource [ru/pavar/springrest/SpringrestApplicationTestsContext.groovy] does not exist
01:50:27.796 [Test worker] INFO org.springframework.test.context.support.AbstractContextLoader - Could not detect default resource locations for test class [ru.pavar.springrest.SpringrestApplicationTests]: no resource found for suffixes {-context.xml, Context.groovy}.
01:50:27.796 [Test worker] INFO org.springframework.test.context.support.AnnotationConfigContextLoaderUtils - Could not detect default configuration classes for test class [ru.pavar.springrest.SpringrestApplicationTests]: SpringrestApplicationTests does not declare any static, non-private, non-final, nested classes annotated with @Configuration.
01:50:27.859 [Test worker] DEBUG org.springframework.test.context.support.ActiveProfilesUtils - Could not find an 'annotation declaring class' for annotation type [org.springframework.test.context.ActiveProfiles] and class [ru.pavar.springrest.SpringrestApplicationTests]
01:50:27.968 [Test worker] DEBUG org.springframework.context.annotation.ClassPathScanningCandidateComponentProvider - Identified candidate component class: file [C:\Users\Павел\IdeaProjects\springrest\build\classes\java\main\ru\pavar\springrest\SpringrestApplication.class]
01:50:27.968 [Test worker] INFO org.springframework.boot.test.context.SpringBootTestContextBootstrapper - Found @SpringBootConfiguration ru.pavar.springrest.SpringrestApplication for test class ru.pavar.springrest.SpringrestApplicationTests
01:50:28.140 [Test worker] DEBUG org.springframework.boot.test.context.SpringBootTestContextBootstrapper - @TestExecutionListeners is not present for class [ru.pavar.springrest.SpringrestApplicationTests]: using defaults.
01:50:28.140 [Test worker] INFO org.springframework.boot.test.context.SpringBootTestContextBootstrapper - Loaded default TestExecutionListener class names from location [META-INF/spring.factories]: [org.springframework.boot.test.autoconfigure.restdocs.RestDocsTestExecutionListener, org.springframework.boot.test.autoconfigure.web.client.MockRestServiceServerResetTestExecutionListener, org.springframework.boot.test.autoconfigure.web.servlet.MockMvcPrintOnlyOnFailureTestExecutionListener, org.springframework.boot.test.autoconfigure.web.servlet.WebDriverTestExecutionListener, org.springframework.boot.test.autoconfigure.webservices.client.MockWebServiceServerTestExecutionListener, org.springframework.boot.test.mock.mockito.MockitoTestExecutionListener, org.springframework.boot.test.mock.mockito.ResetMocksTestExecutionListener, org.springframework.test.context.web.ServletTestExecutionListener, org.springframework.test.context.support.DirtiesContextBeforeModesTestExecutionListener, org.springframework.test.context.event.ApplicationEventsTestExecutionListener, org.springframework.test.context.support.DependencyInjectionTestExecutionListener, org.springframework.test.context.support.DirtiesContextTestExecutionListener, org.springframework.test.context.transaction.TransactionalTestExecutionListener, org.springframework.test.context.jdbc.SqlScriptsTestExecutionListener, org.springframework.test.context.event.EventPublishingTestExecutionListener]
01:50:28.187 [Test worker] INFO org.springframework.boot.test.context.SpringBootTestContextBootstrapper - Using TestExecutionListeners: [org.springframework.test.context.web.ServletTestExecutionListener@7e10a95d, org.springframework.test.context.support.DirtiesContextBeforeModesTestExecutionListener@e834bcb, org.springframework.test.context.event.ApplicationEventsTestExecutionListener@6faf9d85, org.springframework.boot.test.mock.mockito.MockitoTestExecutionListener@29230f79, org.springframework.boot.test.autoconfigure.SpringBootDependencyInjectionTestExecutionListener@52020141, org.springframework.test.context.support.DirtiesContextTestExecutionListener@46cbd5d9, org.springframework.test.context.transaction.TransactionalTestExecutionListener@551b3b30, org.springframework.test.context.jdbc.SqlScriptsTestExecutionListener@64f2ae2d, org.springframework.test.context.event.EventPublishingTestExecutionListener@2638b3fb, org.springframework.boot.test.autoconfigure.restdocs.RestDocsTestExecutionListener@3ec5cff8, org.springframework.boot.test.autoconfigure.web.client.MockRestServiceServerResetTestExecutionListener@328ba1ab, org.springframework.boot.test.autoconfigure.web.servlet.MockMvcPrintOnlyOnFailureTestExecutionListener@4379e211, org.springframework.boot.test.autoconfigure.web.servlet.WebDriverTestExecutionListener@203d26ee, org.springframework.boot.test.autoconfigure.webservices.client.MockWebServiceServerTestExecutionListener@3017871e, org.springframework.boot.test.mock.mockito.ResetMocksTestExecutionListener@5ffefe4e]
01:50:28.187 [Test worker] DEBUG org.springframework.test.context.support.AbstractDirtiesContextTestExecutionListener - Before test class: context [DefaultTestContext@62ad08da testClass = SpringrestApplicationTests, testInstance = [null], testMethod = [null], testException = [null], mergedContextConfiguration = [WebMergedContextConfiguration@7cfd5c78 testClass = SpringrestApplicationTests, locations = '{}', classes = '{class ru.pavar.springrest.SpringrestApplication}', contextInitializerClasses = '[]', activeProfiles = '{}', propertySourceLocations = '{}', propertySourceProperties = '{org.springframework.boot.test.context.SpringBootTestContextBootstrapper=true}', contextCustomizers = set[org.springframework.boot.test.autoconfigure.actuate.metrics.MetricsExportContextCustomizerFactory$DisableMetricExportContextCustomizer@518d0b35, org.springframework.boot.test.autoconfigure.properties.PropertyMappingContextCustomizer@0, org.springframework.boot.test.autoconfigure.web.servlet.WebDriverContextCustomizerFactory$Customizer@1295d58d, org.springframework.boot.test.context.filter.ExcludeFilterContextCustomizer@6f46ea2a, org.springframework.boot.test.json.DuplicateJsonObjectContextCustomizerFactory$DuplicateJsonObjectContextCustomizer@5d5df407, org.springframework.boot.test.mock.mockito.MockitoContextCustomizer@0, org.springframework.boot.test.web.client.TestRestTemplateContextCustomizer@14a45aae, org.springframework.boot.test.context.SpringBootTestArgs@1, org.springframework.boot.test.context.SpringBootTestWebEnvironment@2ec1b368], resourceBasePath = 'src/main/webapp', contextLoader = 'org.springframework.boot.test.context.SpringBootContextLoader', parent = [null]], attributes = map['org.springframework.test.context.web.ServletTestExecutionListener.activateListener' -> true]], class annotated with @DirtiesContext [false] with mode [null].
01:50:28.234 [Test worker] DEBUG org.springframework.test.context.support.TestPropertySourceUtils - Adding inlined properties to environment: {spring.jmx.enabled=false, org.springframework.boot.test.context.SpringBootTestContextBootstrapper=true}

  .   ____          _            __ _ _
 /\\ / ___'_ __ _ _(_)_ __  __ _ \ \ \ \
( ( )\___ | '_ | '_| | '_ \/ _` | \ \ \ \
 \\/  ___)| |_)| | | | | || (_| |  ) ) ) )
  '  |____| .__|_| |_|_| |_\__, | / / / /
 =========|_|==============|___/=/_/_/_/
 :: Spring Boot ::                (v2.4.4)

2021-03-21 01:50:28.703  INFO 10400 --- [    Test worker] r.p.s.SpringrestApplicationTests         : Starting SpringrestApplicationTests using Java 1.8.0_282 on Clerty with PID 10400 (started by Павел in C:\Users\Павел\IdeaProjects\springrest)
2021-03-21 01:50:28.719  INFO 10400 --- [    Test worker] r.p.s.SpringrestApplicationTests         : No active profile set, falling back to default profiles: default
2021-03-21 01:50:29.828  INFO 10400 --- [    Test worker] .s.d.r.c.RepositoryConfigurationDelegate : Bootstrapping Spring Data JPA repositories in DEFAULT mode.
2021-03-21 01:50:29.937  INFO 10400 --- [    Test worker] .s.d.r.c.RepositoryConfigurationDelegate : Finished Spring Data repository scanning in 97 ms. Found 1 JPA repository interfaces.
2021-03-21 01:50:30.974  INFO 10400 --- [    Test worker] com.zaxxer.hikari.HikariDataSource       : HikariPool-1 - Starting...
2021-03-21 01:50:31.110  INFO 10400 --- [    Test worker] com.zaxxer.hikari.HikariDataSource       : HikariPool-1 - Start completed.
2021-03-21 01:50:31.379  INFO 10400 --- [    Test worker] o.hibernate.jpa.internal.util.LogHelper  : HHH000204: Processing PersistenceUnitInfo [name: default]
2021-03-21 01:50:31.504  INFO 10400 --- [    Test worker] org.hibernate.Version                    : HHH000412: Hibernate ORM core version 5.4.29.Final
2021-03-21 01:50:31.754  INFO 10400 --- [    Test worker] o.hibernate.annotations.common.Version   : HCANN000001: Hibernate Commons Annotations {5.1.2.Final}
2021-03-21 01:50:31.972  INFO 10400 --- [    Test worker] org.hibernate.dialect.Dialect            : HHH000400: Using dialect: org.hibernate.dialect.H2Dialect
2021-03-21 01:50:32.910  INFO 10400 --- [    Test worker] o.h.e.t.j.p.i.JtaPlatformInitiator       : HHH000490: Using JtaPlatform implementation: [org.hibernate.engine.transaction.jta.platform.internal.NoJtaPlatform]
2021-03-21 01:50:32.926  INFO 10400 --- [    Test worker] j.LocalContainerEntityManagerFactoryBean : Initialized JPA EntityManagerFactory for persistence unit 'default'
2021-03-21 01:50:34.018  WARN 10400 --- [    Test worker] JpaBaseConfiguration$JpaWebConfiguration : spring.jpa.open-in-view is enabled by default. Therefore, database queries may be performed during view rendering. Explicitly configure spring.jpa.open-in-view to disable this warning
2021-03-21 01:50:34.534  INFO 10400 --- [    Test worker] o.s.s.concurrent.ThreadPoolTaskExecutor  : Initializing ExecutorService 'applicationTaskExecutor'
2021-03-21 01:50:35.307  INFO 10400 --- [    Test worker] r.p.s.SpringrestApplicationTests         : Started SpringrestApplicationTests in 7.05 seconds (JVM running for 8.874)
]]></system-out>
  <system-err><![CDATA[]]></system-err>
</testsuite>
