<?xml version="1.0" encoding="UTF-8"?>
<testsuite name="ru.pavar.springrest.SpringrestApplicationTests" tests="1" skipped="0" failures="0" errors="0" timestamp="2021-03-21T22:33:00" hostname="CLERTY" time="0.406">
  <properties/>
  <testcase name="contextLoads()" classname="ru.pavar.springrest.SpringrestApplicationTests" time="0.406"/>
  <system-out><![CDATA[01:31:50.563 [Test worker] DEBUG org.springframework.test.context.BootstrapUtils - Instantiating CacheAwareContextLoaderDelegate from class [org.springframework.test.context.cache.DefaultCacheAwareContextLoaderDelegate]
01:31:50.656 [Test worker] DEBUG org.springframework.test.context.BootstrapUtils - Instantiating BootstrapContext using constructor [public org.springframework.test.context.support.DefaultBootstrapContext(java.lang.Class,org.springframework.test.context.CacheAwareContextLoaderDelegate)]
01:31:51.203 [Test worker] DEBUG org.springframework.test.context.BootstrapUtils - Instantiating TestContextBootstrapper for test class [ru.pavar.springrest.SpringrestApplicationTests] from class [org.springframework.boot.test.context.SpringBootTestContextBootstrapper]
01:31:51.219 [Test worker] INFO org.springframework.boot.test.context.SpringBootTestContextBootstrapper - Neither @ContextConfiguration nor @ContextHierarchy found for test class [ru.pavar.springrest.SpringrestApplicationTests], using SpringBootContextLoader
01:31:51.234 [Test worker] DEBUG org.springframework.test.context.support.AbstractContextLoader - Did not detect default resource location for test class [ru.pavar.springrest.SpringrestApplicationTests]: class path resource [ru/pavar/springrest/SpringrestApplicationTests-context.xml] does not exist
01:31:51.234 [Test worker] DEBUG org.springframework.test.context.support.AbstractContextLoader - Did not detect default resource location for test class [ru.pavar.springrest.SpringrestApplicationTests]: class path resource [ru/pavar/springrest/SpringrestApplicationTestsContext.groovy] does not exist
01:31:51.234 [Test worker] INFO org.springframework.test.context.support.AbstractContextLoader - Could not detect default resource locations for test class [ru.pavar.springrest.SpringrestApplicationTests]: no resource found for suffixes {-context.xml, Context.groovy}.
01:31:51.234 [Test worker] INFO org.springframework.test.context.support.AnnotationConfigContextLoaderUtils - Could not detect default configuration classes for test class [ru.pavar.springrest.SpringrestApplicationTests]: SpringrestApplicationTests does not declare any static, non-private, non-final, nested classes annotated with @Configuration.
01:31:52.547 [Test worker] DEBUG org.springframework.test.context.support.ActiveProfilesUtils - Could not find an 'annotation declaring class' for annotation type [org.springframework.test.context.ActiveProfiles] and class [ru.pavar.springrest.SpringrestApplicationTests]
01:31:52.657 [Test worker] DEBUG org.springframework.context.annotation.ClassPathScanningCandidateComponentProvider - Identified candidate component class: file [C:\Users\Павел\IdeaProjects\springrest\build\classes\java\main\ru\pavar\springrest\SpringrestApplication.class]
01:31:52.657 [Test worker] INFO org.springframework.boot.test.context.SpringBootTestContextBootstrapper - Found @SpringBootConfiguration ru.pavar.springrest.SpringrestApplication for test class ru.pavar.springrest.SpringrestApplicationTests
01:31:53.125 [Test worker] DEBUG org.springframework.boot.test.context.SpringBootTestContextBootstrapper - @TestExecutionListeners is not present for class [ru.pavar.springrest.SpringrestApplicationTests]: using defaults.
01:31:53.125 [Test worker] INFO org.springframework.boot.test.context.SpringBootTestContextBootstrapper - Loaded default TestExecutionListener class names from location [META-INF/spring.factories]: [org.springframework.boot.test.autoconfigure.restdocs.RestDocsTestExecutionListener, org.springframework.boot.test.autoconfigure.web.client.MockRestServiceServerResetTestExecutionListener, org.springframework.boot.test.autoconfigure.web.servlet.MockMvcPrintOnlyOnFailureTestExecutionListener, org.springframework.boot.test.autoconfigure.web.servlet.WebDriverTestExecutionListener, org.springframework.boot.test.autoconfigure.webservices.client.MockWebServiceServerTestExecutionListener, org.springframework.boot.test.mock.mockito.MockitoTestExecutionListener, org.springframework.boot.test.mock.mockito.ResetMocksTestExecutionListener, org.springframework.test.context.web.ServletTestExecutionListener, org.springframework.test.context.support.DirtiesContextBeforeModesTestExecutionListener, org.springframework.test.context.event.ApplicationEventsTestExecutionListener, org.springframework.test.context.support.DependencyInjectionTestExecutionListener, org.springframework.test.context.support.DirtiesContextTestExecutionListener, org.springframework.test.context.transaction.TransactionalTestExecutionListener, org.springframework.test.context.jdbc.SqlScriptsTestExecutionListener, org.springframework.test.context.event.EventPublishingTestExecutionListener]
01:31:53.157 [Test worker] INFO org.springframework.boot.test.context.SpringBootTestContextBootstrapper - Using TestExecutionListeners: [org.springframework.test.context.web.ServletTestExecutionListener@6e6bb950, org.springframework.test.context.support.DirtiesContextBeforeModesTestExecutionListener@23ab2258, org.springframework.test.context.event.ApplicationEventsTestExecutionListener@79cee04c, org.springframework.boot.test.mock.mockito.MockitoTestExecutionListener@cdea885, org.springframework.boot.test.autoconfigure.SpringBootDependencyInjectionTestExecutionListener@3fcc2177, org.springframework.test.context.support.DirtiesContextTestExecutionListener@450f7d34, org.springframework.test.context.transaction.TransactionalTestExecutionListener@4bcd3959, org.springframework.test.context.jdbc.SqlScriptsTestExecutionListener@322e2a25, org.springframework.test.context.event.EventPublishingTestExecutionListener@6cb7728e, org.springframework.boot.test.autoconfigure.restdocs.RestDocsTestExecutionListener@526f44f1, org.springframework.boot.test.autoconfigure.web.client.MockRestServiceServerResetTestExecutionListener@704ab814, org.springframework.boot.test.autoconfigure.web.servlet.MockMvcPrintOnlyOnFailureTestExecutionListener@3376cb3a, org.springframework.boot.test.autoconfigure.web.servlet.WebDriverTestExecutionListener@6482ecd8, org.springframework.boot.test.autoconfigure.webservices.client.MockWebServiceServerTestExecutionListener@4ce27475, org.springframework.boot.test.mock.mockito.ResetMocksTestExecutionListener@694dffe5]
01:31:53.157 [Test worker] DEBUG org.springframework.test.context.support.AbstractDirtiesContextTestExecutionListener - Before test class: context [DefaultTestContext@2fd37c30 testClass = SpringrestApplicationTests, testInstance = [null], testMethod = [null], testException = [null], mergedContextConfiguration = [WebMergedContextConfiguration@7c63ac7c testClass = SpringrestApplicationTests, locations = '{}', classes = '{class ru.pavar.springrest.SpringrestApplication}', contextInitializerClasses = '[]', activeProfiles = '{}', propertySourceLocations = '{}', propertySourceProperties = '{org.springframework.boot.test.context.SpringBootTestContextBootstrapper=true}', contextCustomizers = set[org.springframework.boot.test.autoconfigure.actuate.metrics.MetricsExportContextCustomizerFactory$DisableMetricExportContextCustomizer@2b7ab40a, org.springframework.boot.test.autoconfigure.properties.PropertyMappingContextCustomizer@0, org.springframework.boot.test.autoconfigure.web.servlet.WebDriverContextCustomizerFactory$Customizer@4bf86081, org.springframework.boot.test.context.filter.ExcludeFilterContextCustomizer@77b6557c, org.springframework.boot.test.json.DuplicateJsonObjectContextCustomizerFactory$DuplicateJsonObjectContextCustomizer@1598c138, org.springframework.boot.test.mock.mockito.MockitoContextCustomizer@0, org.springframework.boot.test.web.client.TestRestTemplateContextCustomizer@ecf1803, org.springframework.boot.test.context.SpringBootTestArgs@1, org.springframework.boot.test.context.SpringBootTestWebEnvironment@50789532], resourceBasePath = 'src/main/webapp', contextLoader = 'org.springframework.boot.test.context.SpringBootContextLoader', parent = [null]], attributes = map['org.springframework.test.context.web.ServletTestExecutionListener.activateListener' -> true]], class annotated with @DirtiesContext [false] with mode [null].
01:31:53.344 [Test worker] DEBUG org.springframework.test.context.support.TestPropertySourceUtils - Adding inlined properties to environment: {spring.jmx.enabled=false, org.springframework.boot.test.context.SpringBootTestContextBootstrapper=true}

  .   ____          _            __ _ _
 /\\ / ___'_ __ _ _(_)_ __  __ _ \ \ \ \
( ( )\___ | '_ | '_| | '_ \/ _` | \ \ \ \
 \\/  ___)| |_)| | | | | || (_| |  ) ) ) )
  '  |____| .__|_| |_|_| |_\__, | / / / /
 =========|_|==============|___/=/_/_/_/
 :: Spring Boot ::                (v2.4.4)

2021-03-22 01:31:56.172  INFO 7312 --- [    Test worker] r.p.s.SpringrestApplicationTests         : Starting SpringrestApplicationTests using Java 1.8.0_282 on Clerty with PID 7312 (started by Павел in C:\Users\Павел\IdeaProjects\springrest)
2021-03-22 01:31:56.251  INFO 7312 --- [    Test worker] r.p.s.SpringrestApplicationTests         : No active profile set, falling back to default profiles: default
2021-03-22 01:31:57.664  INFO 7312 --- [    Test worker] .s.d.r.c.RepositoryConfigurationDelegate : Bootstrapping Spring Data JPA repositories in DEFAULT mode.
2021-03-22 01:31:57.882  INFO 7312 --- [    Test worker] .s.d.r.c.RepositoryConfigurationDelegate : Finished Spring Data repository scanning in 201 ms. Found 1 JPA repository interfaces.
2021-03-22 01:32:14.126  INFO 7312 --- [    Test worker] com.zaxxer.hikari.HikariDataSource       : HikariPool-1 - Starting...
2021-03-22 01:32:19.533  INFO 7312 --- [    Test worker] com.zaxxer.hikari.HikariDataSource       : HikariPool-1 - Start completed.
2021-03-22 01:32:20.908  INFO 7312 --- [    Test worker] o.hibernate.jpa.internal.util.LogHelper  : HHH000204: Processing PersistenceUnitInfo [name: default]
2021-03-22 01:32:21.612  INFO 7312 --- [    Test worker] org.hibernate.Version                    : HHH000412: Hibernate ORM core version 5.4.29.Final
2021-03-22 01:32:22.174  INFO 7312 --- [    Test worker] o.hibernate.annotations.common.Version   : HCANN000001: Hibernate Commons Annotations {5.1.2.Final}
2021-03-22 01:32:22.783  INFO 7312 --- [    Test worker] org.hibernate.dialect.Dialect            : HHH000400: Using dialect: org.hibernate.dialect.H2Dialect
2021-03-22 01:32:36.347  INFO 7312 --- [    Test worker] o.h.e.t.j.p.i.JtaPlatformInitiator       : HHH000490: Using JtaPlatform implementation: [org.hibernate.engine.transaction.jta.platform.internal.NoJtaPlatform]
2021-03-22 01:32:36.410  INFO 7312 --- [    Test worker] j.LocalContainerEntityManagerFactoryBean : Initialized JPA EntityManagerFactory for persistence unit 'default'
2021-03-22 01:32:51.834  WARN 7312 --- [    Test worker] JpaBaseConfiguration$JpaWebConfiguration : spring.jpa.open-in-view is enabled by default. Therefore, database queries may be performed during view rendering. Explicitly configure spring.jpa.open-in-view to disable this warning
2021-03-22 01:32:57.273  INFO 7312 --- [    Test worker] o.s.s.concurrent.ThreadPoolTaskExecutor  : Initializing ExecutorService 'applicationTaskExecutor'
2021-03-22 01:32:59.973  INFO 7312 --- [    Test worker] r.p.s.SpringrestApplicationTests         : Started SpringrestApplicationTests in 65.452 seconds (JVM running for 75.245)
]]></system-out>
  <system-err><![CDATA[]]></system-err>
</testsuite>
